<?xml version="1.0" encoding="UTF-8"?>
<!-- Generated by org.testng.reporters.JUnitReportReporter -->
<testsuite hostname="MSK" failures="0" tests="1" name="runnerClass.RunnerIO" time="28.363" errors="0" timestamp="2024-03-16T13:36:47 IST" skipped="0">
  <testcase classname="runnerClass.RunnerIO" name="runScenario" time="28.363"/>
  <system-out/>
</testsuite> <!-- runnerClass.RunnerIO -->
